                      :-) GROMACS - gmx mdrun, 2022.2 (-:

Copyright 1991-2022 The GROMACS Authors.
GROMACS is free software; you can redistribute it and/or modify it
under the terms of the GNU Lesser General Public License
as published by the Free Software Foundation; either version 2.1
of the License, or (at your option) any later version.

                         Current GROMACS contributors:
       Mark Abraham           Andrey Alekseenko           Cathrine Bergh      
      Christian Blau            Eliane Briand               Kevin Boyd        
     Oliver Fleetwood         Stefan Fleischmann           Vytas Gapsys       
       Gaurav Garg           Gilles Gouaillardet            Alan Gray         
      Victor Holanda           M. Eric Irrgang              Joe Jordan        
    Christoph Junghans        Prashanth Kanduri           Sebastian Kehl      
     Sebastian Keller          Carsten Kutzner           Magnus Lundborg      
       Pascal Merz              Dmitry Morozov             Szilard Pall       
      Roland Schulz             Michael Shirts         David van der Spoel    
     Alessandra Villa      Sebastian Wingbermuehle        Artem Zhmurov       

                         Previous GROMACS contributors:
        Emile Apol             Rossen Apostolov           James Barnett       
  Herman J.C. Berendsen          Par Bjelkmar           Viacheslav Bolnykh    
    Aldert van Buuren          Carlo Camilloni           Rudi van Drunen      
      Anton Feenstra           Gerrit Groenhof            Bert de Groot       
      Anca Hamuraru           Vincent Hindriksen         Aleksei Iupinov      
   Dimitrios Karkoulis           Peter Kasson               Jiri Kraus        
       Per Larsson             Justin A. Lemkul           Viveca Lindahl      
      Erik Marklund           Pieter Meulenhoff           Vedran Miletic      
      Teemu Murtola              Sander Pronk            Alexey Shvetsov      
      Alfons Sijbers            Peter Tieleman             Jon Vincent        
     Teemu Virolainen         Christian Wennberg           Maarten Wolf       

                  Coordinated by the GROMACS project leaders:
                    Paul Bauer, Berk Hess, and Erik Lindahl

GROMACS:      gmx mdrun, version 2022.2
Executable:   /usr/local/gromacs/bin/gmx
Data prefix:  /usr/local/gromacs
Working dir:  /home/jguven/projects/idp_md/pulling_nvt
Process ID:   1022253
Command line:
  gmx mdrun -deffnm pulling -nb gpu

GROMACS version:    2022.2
Precision:          mixed
Memory model:       64 bit
MPI library:        thread_mpi
OpenMP support:     enabled (GMX_OPENMP_MAX_THREADS = 128)
GPU support:        CUDA
SIMD instructions:  AVX_512
CPU FFT library:    fftw-3.3.8-sse2-avx-avx2-avx2_128-avx512
GPU FFT library:    cuFFT
RDTSCP usage:       enabled
TNG support:        enabled
Hwloc support:      disabled
Tracing support:    disabled
C compiler:         /usr/bin/cc GNU 9.4.0
C compiler flags:   -mavx512f -mfma -mavx512vl -mavx512dq -mavx512bw -pthread -Wno-missing-field-initializers -fexcess-precision=fast -funroll-all-loops -O3 -DNDEBUG
C++ compiler:       /usr/bin/c++ GNU 9.4.0
C++ compiler flags: -mavx512f -mfma -mavx512vl -mavx512dq -mavx512bw -pthread -Wno-missing-field-initializers -fexcess-precision=fast -funroll-all-loops -fopenmp -O3 -DNDEBUG
CUDA compiler:      /usr/local/cuda/bin/nvcc nvcc: NVIDIA (R) Cuda compiler driver;Copyright (c) 2005-2021 NVIDIA Corporation;Built on Thu_Nov_18_09:45:30_PST_2021;Cuda compilation tools, release 11.5, V11.5.119;Build cuda_11.5.r11.5/compiler.30672275_0
CUDA compiler flags:-std=c++17;;-D_FORCE_INLINES;-mavx512f -mfma -mavx512vl -mavx512dq -mavx512bw -pthread -Wno-missing-field-initializers -fexcess-precision=fast -funroll-all-loops -fopenmp -O3 -DNDEBUG
CUDA driver:        11.50
CUDA runtime:       11.50


Running on 1 node with total 10 cores, 20 processing units, 4 compatible GPUs
Hardware detected:
  CPU info:
    Vendor: Intel
    Brand:  Intel(R) Core(TM) i9-7900X CPU @ 3.30GHz
    Family: 6   Model: 85   Stepping: 4
    Features: aes apic avx avx2 avx512f avx512cd avx512bw avx512vl avx512secondFMA clfsh cmov cx8 cx16 f16c fma hle htt intel lahf mmx msr nonstop_tsc pcid pclmuldq pdcm pdpe1gb popcnt pse rdrnd rdtscp rtm sse2 sse3 sse4.1 sse4.2 ssse3 tdt x2apic
    Number of AVX-512 FMA units: 2
  Hardware topology: Basic
    Packages, cores, and logical processors:
    [indices refer to OS logical processors]
      Package  0: [   0  10] [   1  11] [   2  12] [   3  13] [   4  14] [   5  15] [   6  16] [   7  17] [   8  18] [   9  19]
    CPU limit set by OS: -1   Recommended max number of threads: 20
  GPU info:
    Number of GPUs detected: 4
    #0: NVIDIA NVIDIA GeForce GTX 1080, compute cap.: 6.1, ECC:  no, stat: compatible
    #1: NVIDIA NVIDIA GeForce GTX 1080, compute cap.: 6.1, ECC:  no, stat: compatible
    #2: NVIDIA NVIDIA GeForce GTX 1080, compute cap.: 6.1, ECC:  no, stat: compatible
    #3: NVIDIA NVIDIA GeForce GTX 1080, compute cap.: 6.1, ECC:  no, stat: compatible


++++ PLEASE READ AND CITE THE FOLLOWING REFERENCE ++++
M. J. Abraham, T. Murtola, R. Schulz, S. Páll, J. C. Smith, B. Hess, E.
Lindahl
GROMACS: High performance molecular simulations through multi-level
parallelism from laptops to supercomputers
SoftwareX 1 (2015) pp. 19-25
-------- -------- --- Thank You --- -------- --------


++++ PLEASE READ AND CITE THE FOLLOWING REFERENCE ++++
S. Páll, M. J. Abraham, C. Kutzner, B. Hess, E. Lindahl
Tackling Exascale Software Challenges in Molecular Dynamics Simulations with
GROMACS
In S. Markidis & E. Laure (Eds.), Solving Software Challenges for Exascale 8759 (2015) pp. 3-27
-------- -------- --- Thank You --- -------- --------


++++ PLEASE READ AND CITE THE FOLLOWING REFERENCE ++++
S. Pronk, S. Páll, R. Schulz, P. Larsson, P. Bjelkmar, R. Apostolov, M. R.
Shirts, J. C. Smith, P. M. Kasson, D. van der Spoel, B. Hess, and E. Lindahl
GROMACS 4.5: a high-throughput and highly parallel open source molecular
simulation toolkit
Bioinformatics 29 (2013) pp. 845-54
-------- -------- --- Thank You --- -------- --------


++++ PLEASE READ AND CITE THE FOLLOWING REFERENCE ++++
B. Hess and C. Kutzner and D. van der Spoel and E. Lindahl
GROMACS 4: Algorithms for highly efficient, load-balanced, and scalable
molecular simulation
J. Chem. Theory Comput. 4 (2008) pp. 435-447
-------- -------- --- Thank You --- -------- --------


++++ PLEASE READ AND CITE THE FOLLOWING REFERENCE ++++
D. van der Spoel, E. Lindahl, B. Hess, G. Groenhof, A. E. Mark and H. J. C.
Berendsen
GROMACS: Fast, Flexible and Free
J. Comp. Chem. 26 (2005) pp. 1701-1719
-------- -------- --- Thank You --- -------- --------


++++ PLEASE READ AND CITE THE FOLLOWING REFERENCE ++++
E. Lindahl and B. Hess and D. van der Spoel
GROMACS 3.0: A package for molecular simulation and trajectory analysis
J. Mol. Mod. 7 (2001) pp. 306-317
-------- -------- --- Thank You --- -------- --------


++++ PLEASE READ AND CITE THE FOLLOWING REFERENCE ++++
H. J. C. Berendsen, D. van der Spoel and R. van Drunen
GROMACS: A message-passing parallel molecular dynamics implementation
Comp. Phys. Comm. 91 (1995) pp. 43-56
-------- -------- --- Thank You --- -------- --------


++++ PLEASE CITE THE DOI FOR THIS VERSION OF GROMACS ++++
https://doi.org/10.5281/zenodo.6637571
-------- -------- --- Thank You --- -------- --------

Input Parameters:
   integrator                     = md
   tinit                          = 0
   dt                             = 0.002
   nsteps                         = 50000
   init-step                      = 0
   simulation-part                = 1
   mts                            = false
   comm-mode                      = Linear
   nstcomm                        = 100
   bd-fric                        = 0
   ld-seed                        = -1678876929
   emtol                          = 10
   emstep                         = 0.01
   niter                          = 20
   fcstep                         = 0
   nstcgsteep                     = 1000
   nbfgscorr                      = 10
   rtpi                           = 0.05
   nstxout                        = 500
   nstvout                        = 500
   nstfout                        = 0
   nstlog                         = 500
   nstcalcenergy                  = 100
   nstenergy                      = 500
   nstxout-compressed             = 0
   compressed-x-precision         = 1000
   cutoff-scheme                  = Verlet
   nstlist                        = 10
   pbc                            = xyz
   periodic-molecules             = false
   verlet-buffer-tolerance        = 0.005
   rlist                          = 1
   coulombtype                    = PME
   coulomb-modifier               = Potential-shift
   rcoulomb-switch                = 0
   rcoulomb                       = 1
   epsilon-r                      = 1
   epsilon-rf                     = inf
   vdw-type                       = Cut-off
   vdw-modifier                   = Potential-shift
   rvdw-switch                    = 0
   rvdw                           = 1
   DispCorr                       = EnerPres
   table-extension                = 1
   fourierspacing                 = 0.16
   fourier-nx                     = 120
   fourier-ny                     = 120
   fourier-nz                     = 120
   pme-order                      = 4
   ewald-rtol                     = 1e-05
   ewald-rtol-lj                  = 0.001
   lj-pme-comb-rule               = Geometric
   ewald-geometry                 = 3d
   epsilon-surface                = 0
   tcoupl                         = V-rescale
   nsttcouple                     = 10
   nh-chain-length                = 0
   print-nose-hoover-chain-variables = false
   pcoupl                         = No
   pcoupltype                     = Isotropic
   nstpcouple                     = -1
   tau-p                          = 1
   compressibility (3x3):
      compressibility[    0]={ 0.00000e+00,  0.00000e+00,  0.00000e+00}
      compressibility[    1]={ 0.00000e+00,  0.00000e+00,  0.00000e+00}
      compressibility[    2]={ 0.00000e+00,  0.00000e+00,  0.00000e+00}
   ref-p (3x3):
      ref-p[    0]={ 0.00000e+00,  0.00000e+00,  0.00000e+00}
      ref-p[    1]={ 0.00000e+00,  0.00000e+00,  0.00000e+00}
      ref-p[    2]={ 0.00000e+00,  0.00000e+00,  0.00000e+00}
   refcoord-scaling               = No
   posres-com (3):
      posres-com[0]= 0.00000e+00
      posres-com[1]= 0.00000e+00
      posres-com[2]= 0.00000e+00
   posres-comB (3):
      posres-comB[0]= 0.00000e+00
      posres-comB[1]= 0.00000e+00
      posres-comB[2]= 0.00000e+00
   QMMM                           = false
qm-opts:
   ngQM                           = 0
   constraint-algorithm           = Lincs
   continuation                   = true
   Shake-SOR                      = false
   shake-tol                      = 0.0001
   lincs-order                    = 4
   lincs-iter                     = 1
   lincs-warnangle                = 30
   nwall                          = 0
   wall-type                      = 9-3
   wall-r-linpot                  = -1
   wall-atomtype[0]               = -1
   wall-atomtype[1]               = -1
   wall-density[0]                = 0
   wall-density[1]                = 0
   wall-ewald-zfac                = 3
   pull                           = true
   pull-cylinder-r                = 1.5
   pull-constr-tol                = 1e-06
   pull-print-COM                 = false
   pull-print-ref-value           = false
   pull-print-components          = false
   pull-nstxout                   = 50
   pull-nstfout                   = 50
   pull-pbc-ref-prev-step-com     = false
   pull-xout-average              = false
   pull-fout-average              = false
   pull-ngroups                   = 5
   pull-group 0:
     atom: not available
     weight: not available
     pbcatom                        = -1
   pull-group 1:
     atom (15):
        atom[0,...,14] = {1501,...,1515}
     weight: not available
     pbcatom                        = 1508
   pull-group 2:
     atom (11):
        atom[0,...,10] = {2005,...,2015}
     weight: not available
     pbcatom                        = 2010
   pull-group 3:
     atom (15):
        atom[0,...,14] = {3517,...,3531}
     weight: not available
     pbcatom                        = 3524
   pull-group 4:
     atom (11):
        atom[0,...,10] = {4021,...,4031}
     weight: not available
     pbcatom                        = 4026
   pull-ncoords                   = 2
   pull-coord 0:
   type                           = flat-bottom
   geometry                       = distance
   group[0]                       = 1
   group[1]                       = 4
   dim (3):
      dim[0]=1
      dim[1]=1
      dim[2]=1
   origin (3):
      origin[0]= 0.00000e+00
      origin[1]= 0.00000e+00
      origin[2]= 0.00000e+00
   vec (3):
      vec[0]= 0.00000e+00
      vec[1]= 0.00000e+00
      vec[2]= 0.00000e+00
   start                          = false
   init                           = 0.25
   rate                           = 0
   k                              = 25000
   kB                             = 25000
   pull-coord 1:
   type                           = flat-bottom
   geometry                       = distance
   group[0]                       = 2
   group[1]                       = 3
   dim (3):
      dim[0]=1
      dim[1]=1
      dim[2]=1
   origin (3):
      origin[0]= 0.00000e+00
      origin[1]= 0.00000e+00
      origin[2]= 0.00000e+00
   vec (3):
      vec[0]= 0.00000e+00
      vec[1]= 0.00000e+00
      vec[2]= 0.00000e+00
   start                          = false
   init                           = 0.25
   rate                           = 0
   k                              = 25000
   kB                             = 25000
   awh                            = false
   rotation                       = false
   interactiveMD                  = false
   disre                          = No
   disre-weighting                = Conservative
   disre-mixed                    = false
   dr-fc                          = 1000
   dr-tau                         = 0
   nstdisreout                    = 100
   orire-fc                       = 0
   orire-tau                      = 0
   nstorireout                    = 100
   free-energy                    = no
   cos-acceleration               = 0
   deform (3x3):
      deform[    0]={ 0.00000e+00,  0.00000e+00,  0.00000e+00}
      deform[    1]={ 0.00000e+00,  0.00000e+00,  0.00000e+00}
      deform[    2]={ 0.00000e+00,  0.00000e+00,  0.00000e+00}
   simulated-tempering            = false
   swapcoords                     = no
   userint1                       = 0
   userint2                       = 0
   userint3                       = 0
   userint4                       = 0
   userreal1                      = 0
   userreal2                      = 0
   userreal3                      = 0
   userreal4                      = 0
   applied-forces:
     electric-field:
       x:
         E0                       = 0
         omega                    = 0
         t0                       = 0
         sigma                    = 0
       y:
         E0                       = 0
         omega                    = 0
         t0                       = 0
         sigma                    = 0
       z:
         E0                       = 0
         omega                    = 0
         t0                       = 0
         sigma                    = 0
     density-guided-simulation:
       active                     = false
       group                      = protein
       similarity-measure         = inner-product
       atom-spreading-weight      = unity
       force-constant             = 1e+09
       gaussian-transform-spreading-width = 0.2
       gaussian-transform-spreading-range-in-multiples-of-width = 4
       reference-density-filename = reference.mrc
       nst                        = 1
       normalize-densities        = true
       adaptive-force-scaling     = false
       adaptive-force-scaling-time-constant = 4
       shift-vector               = 
       transformation-matrix      = 
     qmmm-cp2k:
       active                     = false
       qmgroup                    = System
       qmmethod                   = PBE
       qmfilenames                = 
       qmcharge                   = 0
       qmmultiplicity             = 1
grpopts:
   nrdf:       10090  1.2476e+06
   ref-t:         300         300
   tau-t:         0.1         0.1
annealing:          No          No
annealing-npoints:           0           0
   acc:	           0           0           0
   nfreeze:           N           N           N
   energygrp-flags[  0]: 0

Changing nstlist from 10 to 100, rlist from 1 to 1.16


Initializing Domain Decomposition on 4 ranks
Dynamic load balancing: auto
Using update groups, nr 209968, average size 3.0 atoms, max. radius 0.139 nm
Minimum cell size due to atom displacement: 0.658 nm
Initial maximum distances in bonded interactions:
    two-body bonded interactions: 0.428 nm, LJ-14, atoms 5 13
  multi-body bonded interactions: 0.486 nm, CMAP Dih., atoms 1515 1524
Minimum cell size due to bonded interactions: 0.535 nm
Scaling the initial minimum size with 1/0.8 (option -dds) = 1.25
Using 0 separate PME ranks because: PME-only ranks are not automatically used when non-bonded interactions are computed on GPUs; there are too few total ranks for efficient splitting
Optimizing the DD grid for 4 cells with a minimum initial size of 0.823 nm
The maximum allowed number of cells is: X 22 Y 22 Z 22
Domain decomposition grid 4 x 1 x 1, separate PME ranks 0
PME domain decomposition: 4 x 1 x 1
Domain decomposition rank 0, coordinates 0 0 0

The initial number of communication pulses is: X 1
The initial domain decomposition cell size is: X 4.64 nm

The maximum allowed distance for atom groups involved in interactions is:
                 non-bonded interactions           1.438 nm
            two-body bonded interactions  (-rdd)   1.438 nm
          multi-body bonded interactions  (-rdd)   1.438 nm

When dynamic load balancing gets turned on, these settings will change to:
The maximum number of communication pulses is: X 1
The minimum size for domain decomposition cells is 1.438 nm
The requested allowed shrink of DD cells (option -dds) is: 0.80
The allowed shrink of domain decomposition cells is: X 0.31
The maximum allowed distance for atom groups involved in interactions is:
                 non-bonded interactions           1.438 nm
            two-body bonded interactions  (-rdd)   1.438 nm
          multi-body bonded interactions  (-rdd)   1.438 nm

On host azuma 4 GPUs selected for this run.
Mapping of GPU IDs to the 4 GPU tasks in the 4 ranks on this node:
  PP:0,PP:1,PP:2,PP:3
PP tasks will do (non-perturbed) short-ranged and most bonded interactions on the GPU
PP task will update and constrain coordinates on the CPU
Using 4 MPI threads
Using 5 OpenMP threads per tMPI thread

Pinning threads with an auto-selected logical cpu stride of 1
System total charge: 0.000
Will do PME sum in reciprocal space for electrostatic interactions.

++++ PLEASE READ AND CITE THE FOLLOWING REFERENCE ++++
U. Essmann, L. Perera, M. L. Berkowitz, T. Darden, H. Lee and L. G. Pedersen 
A smooth particle mesh Ewald method
J. Chem. Phys. 103 (1995) pp. 8577-8592
-------- -------- --- Thank You --- -------- --------

Using a Gaussian width (1/beta) of 0.320163 nm for Ewald
Potential shift: LJ r^-12: -1.000e+00 r^-6: -1.000e+00, Ewald -1.000e-05
Initialized non-bonded Coulomb Ewald tables, spacing: 9.33e-04 size: 1073

Generated table with 1079 data points for 1-4 COUL.
Tabscale = 500 points/nm
Generated table with 1079 data points for 1-4 LJ6.
Tabscale = 500 points/nm
Generated table with 1079 data points for 1-4 LJ12.
Tabscale = 500 points/nm
Long Range LJ corr.: <C6> 2.9871e-04


Using GPU 8x8 nonbonded short-range kernels

Using a dual 8x8 pair-list setup updated with dynamic, rolling pruning:
  outer list: updated every 100 steps, buffer 0.160 nm, rlist 1.160 nm
  inner list: updated every  10 steps, buffer 0.002 nm, rlist 1.002 nm
At tolerance 0.005 kJ/mol/ps per atom, equivalent classical 1x1 list would be:
  outer list: updated every 100 steps, buffer 0.308 nm, rlist 1.308 nm
  inner list: updated every  10 steps, buffer 0.043 nm, rlist 1.043 nm

Using full Lennard-Jones parameter combination matrix

Linking all bonded interactions to atoms


Will apply potential COM pulling
with 2 pull coordinates and 4 groups
Pull group 1:    15 atoms, mass   128.108
Pull group 2:    11 atoms, mass    87.079
Pull group 3:    15 atoms, mass   128.108
Pull group 4:    11 atoms, mass    87.079

Initializing LINear Constraint Solver

++++ PLEASE READ AND CITE THE FOLLOWING REFERENCE ++++
B. Hess and H. Bekker and H. J. C. Berendsen and J. G. E. M. Fraaije
LINCS: A Linear Constraint Solver for molecular simulations
J. Comp. Chem. 18 (1997) pp. 1463-1472
-------- -------- --- Thank You --- -------- --------

The number of constraints is 2006

++++ PLEASE READ AND CITE THE FOLLOWING REFERENCE ++++
S. Miyamoto and P. A. Kollman
SETTLE: An Analytical Version of the SHAKE and RATTLE Algorithms for Rigid
Water Models
J. Comp. Chem. 13 (1992) pp. 952-962
-------- -------- --- Thank You --- -------- --------


Intra-simulation communication will occur every 10 steps.

++++ PLEASE READ AND CITE THE FOLLOWING REFERENCE ++++
G. Bussi, D. Donadio and M. Parrinello
Canonical sampling through velocity rescaling
J. Chem. Phys. 126 (2007) pp. 014101
-------- -------- --- Thank You --- -------- --------

There are: 627822 Atoms
Atom distribution over 4 domains: av 156955 stddev 462 min 156674 max 157259

NOTE: DLB will not turn on during the first phase of PME tuning
Center of mass motion removal mode is Linear
We have the following groups for center of mass motion removal:
  0:  rest

Started mdrun on rank 0 Fri Oct  7 13:41:54 2022

           Step           Time
              0        0.00000

   Energies (kJ/mol)
           Bond            U-B    Proper Dih.  Improper Dih.      CMAP Dih.
    3.31045e+03    9.29159e+03    9.63504e+03    5.68212e+02   -6.19521e+02
          LJ-14     Coulomb-14        LJ (SR)  Disper. corr.   Coulomb (SR)
    2.74724e+03    7.77190e+04    9.36678e+05   -7.68270e+04   -9.52865e+06
   Coul. recip. Position Rest.   COM Pull En.      Potential    Kinetic En.
    5.38196e+04    0.00000e+00    1.05497e+04   -8.50178e+06    1.57123e+06
   Total Energy  Conserved En.    Temperature Pres. DC (bar) Pressure (bar)
   -6.93054e+06   -6.93054e+06    3.00514e+02   -1.99217e+02   -6.85736e+02
   Constr. rmsd
    4.50123e-06


DD  step 99 load imb.: force  1.0%

DD  step 499 load imb.: force  0.9%
           Step           Time
            500        1.00000

   Energies (kJ/mol)
           Bond            U-B    Proper Dih.  Improper Dih.      CMAP Dih.
    3.19990e+03    9.23008e+03    9.64070e+03    5.99516e+02   -6.02765e+02
          LJ-14     Coulomb-14        LJ (SR)  Disper. corr.   Coulomb (SR)
    2.70442e+03    7.74538e+04    9.33259e+05   -7.68270e+04   -9.52992e+06
   Coul. recip. Position Rest.   COM Pull En.      Potential    Kinetic En.
    5.31980e+04    2.50837e+03    7.09522e+02   -8.51484e+06    1.56858e+06
   Total Energy  Conserved En.    Temperature Pres. DC (bar) Pressure (bar)
   -6.94626e+06   -6.93636e+06    3.00006e+02   -1.99217e+02   -7.20693e+02
   Constr. rmsd
    4.39959e-06

step  600: timed with pme grid 120 120 120, coulomb cutoff 1.000: 72958.5 M-cycles
step  800: timed with pme grid 108 108 108, coulomb cutoff 1.075: 70119.5 M-cycles
step 1000: timed with pme grid 100 100 100, coulomb cutoff 1.161: 72362.5 M-cycles

DD  step 999 load imb.: force  0.6%
           Step           Time
           1000        2.00000

   Energies (kJ/mol)
           Bond            U-B    Proper Dih.  Improper Dih.      CMAP Dih.
    3.29627e+03    9.65229e+03    9.66609e+03    6.12814e+02   -5.43571e+02
          LJ-14     Coulomb-14        LJ (SR)  Disper. corr.   Coulomb (SR)
    2.76516e+03    7.76826e+04    9.38610e+05   -7.68270e+04   -9.49658e+06
   Coul. recip. Position Rest.   COM Pull En.      Potential    Kinetic En.
    1.78205e+04    2.50148e+03    7.39683e+02   -8.51061e+06    1.57490e+06
   Total Energy  Conserved En.    Temperature Pres. DC (bar) Pressure (bar)
   -6.93571e+06   -6.93597e+06    3.01216e+02   -1.99217e+02   -5.93706e+02
   Constr. rmsd
    4.57038e-06

step 1200: timed with pme grid 84 84 84, coulomb cutoff 1.382: 72105.7 M-cycles
step 1400: timed with pme grid 72 72 72, coulomb cutoff 1.613: 74273.7 M-cycles
step 1400: the maximum allowed grid scaling limits the PME load balancing to a coulomb cut-off of 1.613

DD  step 1499 load imb.: force  1.0%
           Step           Time
           1500        3.00000

   Energies (kJ/mol)
           Bond            U-B    Proper Dih.  Improper Dih.      CMAP Dih.
    3.32509e+03    9.53995e+03    9.56396e+03    5.95590e+02   -6.25283e+02
          LJ-14     Coulomb-14        LJ (SR)  Disper. corr.   Coulomb (SR)
    2.63432e+03    7.72942e+04    9.32963e+05   -7.68270e+04   -9.49053e+06
   Coul. recip. Position Rest.   COM Pull En.      Potential    Kinetic En.
    1.09838e+04    2.54188e+03    7.05220e+02   -8.51783e+06    1.57022e+06
   Total Energy  Conserved En.    Temperature Pres. DC (bar) Pressure (bar)
   -6.94761e+06   -6.93590e+06    3.00320e+02   -1.99217e+02   -7.03161e+02
   Constr. rmsd
    4.37433e-06

step 1600: timed with pme grid 72 72 72, coulomb cutoff 1.613: 75589.8 M-cycles
step 1800: timed with pme grid 80 80 80, coulomb cutoff 1.451: 74660.2 M-cycles
step 2000: timed with pme grid 84 84 84, coulomb cutoff 1.382: 70211.4 M-cycles

DD  step 1999 load imb.: force  1.6%
           Step           Time
           2000        4.00000

   Energies (kJ/mol)
           Bond            U-B    Proper Dih.  Improper Dih.      CMAP Dih.
    3.26850e+03    9.50699e+03    9.58507e+03    6.08403e+02   -6.17662e+02
          LJ-14     Coulomb-14        LJ (SR)  Disper. corr.   Coulomb (SR)
    2.71027e+03    7.75644e+04    9.36135e+05   -7.68270e+04   -9.51334e+06
   Coul. recip. Position Rest.   COM Pull En.      Potential    Kinetic En.
    2.76933e+04    2.47021e+03    7.07023e+02   -8.52053e+06    1.57060e+06
   Total Energy  Conserved En.    Temperature Pres. DC (bar) Pressure (bar)
   -6.94994e+06   -6.93590e+06    3.00392e+02   -1.99217e+02   -6.97066e+02
   Constr. rmsd
    4.45963e-06

step 2200: timed with pme grid 96 96 96, coulomb cutoff 1.209: 74567.2 M-cycles
step 2400: timed with pme grid 100 100 100, coulomb cutoff 1.161: 74636.1 M-cycles

DD  step 2499 load imb.: force  0.8%
           Step           Time
           2500        5.00000

   Energies (kJ/mol)
           Bond            U-B    Proper Dih.  Improper Dih.      CMAP Dih.
    3.24616e+03    9.35907e+03    9.57588e+03    5.53817e+02   -5.42675e+02
          LJ-14     Coulomb-14        LJ (SR)  Disper. corr.   Coulomb (SR)
    2.71676e+03    7.76337e+04    9.30960e+05   -7.68270e+04   -9.51164e+06
   Coul. recip. Position Rest.   COM Pull En.      Potential    Kinetic En.
    3.63172e+04    2.46782e+03    6.95267e+02   -8.51548e+06    1.56433e+06
   Total Energy  Conserved En.    Temperature Pres. DC (bar) Pressure (bar)
   -6.95115e+06   -6.93574e+06    2.99193e+02   -1.99217e+02   -6.87294e+02
   Constr. rmsd
    4.56714e-06

step 2600: timed with pme grid 104 104 104, coulomb cutoff 1.116: 73355.8 M-cycles
step 2800: timed with pme grid 108 108 108, coulomb cutoff 1.075: 73968.1 M-cycles
step 3000: timed with pme grid 112 112 112, coulomb cutoff 1.037: 73613.5 M-cycles

DD  step 2999 load imb.: force  1.1%
           Step           Time
           3000        6.00000

   Energies (kJ/mol)
           Bond            U-B    Proper Dih.  Improper Dih.      CMAP Dih.
    3.29631e+03    9.37677e+03    9.62210e+03    5.52355e+02   -5.87011e+02
          LJ-14     Coulomb-14        LJ (SR)  Disper. corr.   Coulomb (SR)
    2.69830e+03    7.76865e+04    9.34010e+05   -7.68270e+04   -9.52613e+06
   Coul. recip. Position Rest.   COM Pull En.      Potential    Kinetic En.
    5.38993e+04    2.59549e+03    6.80709e+02   -8.50913e+06    1.56735e+06
   Total Energy  Conserved En.    Temperature Pres. DC (bar) Pressure (bar)
   -6.94178e+06   -6.93570e+06    2.99771e+02   -1.99217e+02   -6.01137e+02
   Constr. rmsd
    4.48143e-06

step 3200: timed with pme grid 120 120 120, coulomb cutoff 1.000: 73275.2 M-cycles
step 3400: timed with pme grid 72 72 72, coulomb cutoff 1.613: 66797.0 M-cycles

DD  step 3499 load imb.: force  1.2%
           Step           Time
           3500        7.00000

   Energies (kJ/mol)
           Bond            U-B    Proper Dih.  Improper Dih.      CMAP Dih.
    3.33073e+03    9.48101e+03    9.60525e+03    6.16762e+02   -5.19475e+02
          LJ-14     Coulomb-14        LJ (SR)  Disper. corr.   Coulomb (SR)
    2.79641e+03    7.76753e+04    9.38733e+05   -7.68270e+04   -9.49624e+06
   Coul. recip. Position Rest.   COM Pull En.      Potential    Kinetic En.
    1.53310e+04    2.44718e+03    7.53274e+02   -8.51282e+06    1.57125e+06
   Total Energy  Conserved En.    Temperature Pres. DC (bar) Pressure (bar)
   -6.94156e+06   -6.93547e+06    3.00518e+02   -1.99217e+02   -5.97605e+02
   Constr. rmsd
    4.62038e-06

step 3600: timed with pme grid 80 80 80, coulomb cutoff 1.451: 76961.8 M-cycles
step 3800: timed with pme grid 84 84 84, coulomb cutoff 1.382: 73270.3 M-cycles
step 4000: timed with pme grid 96 96 96, coulomb cutoff 1.209: 73481.1 M-cycles

DD  step 3999 load imb.: force  0.3%
           Step           Time
           4000        8.00000

   Energies (kJ/mol)
           Bond            U-B    Proper Dih.  Improper Dih.      CMAP Dih.
    3.29816e+03    9.54539e+03    9.54658e+03    6.10529e+02   -5.68085e+02
          LJ-14     Coulomb-14        LJ (SR)  Disper. corr.   Coulomb (SR)
    2.72438e+03    7.74327e+04    9.38139e+05   -7.68270e+04   -9.51460e+06
   Coul. recip. Position Rest.   COM Pull En.      Potential    Kinetic En.
    3.21083e+04    2.52561e+03    6.90990e+02   -8.51538e+06    1.57211e+06
   Total Energy  Conserved En.    Temperature Pres. DC (bar) Pressure (bar)
   -6.94326e+06   -6.93544e+06    3.00682e+02   -1.99217e+02   -6.15574e+02
   Constr. rmsd
    4.63267e-06

Writing checkpoint, step 4100 at Fri Oct  7 13:57:13 2022


step 4200: timed with pme grid 100 100 100, coulomb cutoff 1.161: 73390.8 M-cycles
step 4400: timed with pme grid 104 104 104, coulomb cutoff 1.116: 69079.8 M-cycles

DD  step 4499 load imb.: force  0.2%
           Step           Time
           4500        9.00000

   Energies (kJ/mol)
           Bond            U-B    Proper Dih.  Improper Dih.      CMAP Dih.
    3.22850e+03    9.46943e+03    9.50689e+03    5.85877e+02   -5.09216e+02
          LJ-14     Coulomb-14        LJ (SR)  Disper. corr.   Coulomb (SR)
    2.59174e+03    7.77836e+04    9.35291e+05   -7.68270e+04   -9.51995e+06
   Coul. recip. Position Rest.   COM Pull En.      Potential    Kinetic En.
    4.13192e+04    2.58177e+03    6.57381e+02   -8.51427e+06    1.56836e+06
   Total Energy  Conserved En.    Temperature Pres. DC (bar) Pressure (bar)
   -6.94591e+06   -6.93536e+06    2.99965e+02   -1.99217e+02   -6.39576e+02
   Constr. rmsd
    4.46469e-06

step 4600: timed with pme grid 108 108 108, coulomb cutoff 1.075: 70103.0 M-cycles
step 4800: timed with pme grid 112 112 112, coulomb cutoff 1.037: 69894.4 M-cycles
step 5000: timed with pme grid 120 120 120, coulomb cutoff 1.000: 73826.2 M-cycles

DD  step 4999 load imb.: force  1.1%
           Step           Time
           5000       10.00000

   Energies (kJ/mol)
           Bond            U-B    Proper Dih.  Improper Dih.      CMAP Dih.
    3.40230e+03    9.19931e+03    9.52081e+03    6.10759e+02   -5.40508e+02
          LJ-14     Coulomb-14        LJ (SR)  Disper. corr.   Coulomb (SR)
    2.64573e+03    7.75623e+04    9.29565e+05   -7.68270e+04   -9.47984e+06
   Coul. recip. Position Rest.   COM Pull En.      Potential    Kinetic En.
    1.09511e+04    2.46821e+03    7.42068e+02   -8.51054e+06    1.56764e+06
   Total Energy  Conserved En.    Temperature Pres. DC (bar) Pressure (bar)
   -6.94290e+06   -6.93516e+06    2.99827e+02   -1.99217e+02   -7.38514e+02
   Constr. rmsd
    4.33401e-06

