                      :-) GROMACS - gmx mdrun, 2022.2 (-:

Executable:   /usr/local/gromacs/bin/gmx
Data prefix:  /usr/local/gromacs
Working dir:  /home/jguven/projects/idp_md
Command line:
  gmx mdrun -deffnm em -nb gpu

Reading file em.tpr, VERSION 2022.2 (single precision)
On host azuma 4 GPUs selected for this run.
Mapping of GPU IDs to the 4 GPU tasks in the 4 ranks on this node:
  PP:0,PP:1,PP:2,PP:3
PP tasks will do (non-perturbed) short-ranged interactions on the GPU
PP task will update and constrain coordinates on the CPU
Using 4 MPI threads
Using 5 OpenMP threads per tMPI thread


Steepest Descents:
   Tolerance (Fmax)   =  1.00000e+03
   Number of steps    =        50000

Step 26, time 0.026 (ps)  LINCS WARNING
relative constraint deviation after LINCS:
rms 0.002132, max 0.048790 (between atoms 1482 and 1484)
bonds that rotated more than 30 degrees:
 atom 1 atom 2  angle  previous, current, constraint length
   1482   1484   41.4    0.1002   0.0951      0.1000

Step 28, time 0.028 (ps)  LINCS WARNING
relative constraint deviation after LINCS:
rms 0.002811, max 0.067564 (between atoms 1482 and 1484)
bonds that rotated more than 30 degrees:
 atom 1 atom 2  angle  previous, current, constraint length
   1482   1483   48.8    0.1003   0.1046      0.1000

Step 31, time 0.031 (ps)  LINCS WARNING
relative constraint deviation after LINCS:
rms 0.002310, max 0.064609 (between atoms 1146 and 1147)
bonds that rotated more than 30 degrees:
 atom 1 atom 2  angle  previous, current, constraint length
   1146   1147   90.0    0.1080   0.1150      0.1080
   1166   1167   90.0    0.0997   0.1017      0.0997

Step 32, time 0.032 (ps)  LINCS WARNING
relative constraint deviation after LINCS:
rms 0.009694, max 0.277849 (between atoms 1477 and 1479)
bonds that rotated more than 30 degrees:
 atom 1 atom 2  angle  previous, current, constraint length
   1477   1478   70.2    0.1111   0.1169      0.1111
   1477   1479   60.3    0.1111   0.1420      0.1111

Step 33, time 0.033 (ps)  LINCS WARNING
relative constraint deviation after LINCS:
rms 0.024855, max 0.616588 (between atoms 1146 and 1147)
bonds that rotated more than 30 degrees:
 atom 1 atom 2  angle  previous, current, constraint length
   1144   1145   90.0    0.0997   0.1384      0.0997
   1146   1147   90.0    0.1080   0.1746      0.1080

Step 33, time 0.033 (ps)  LINCS WARNING
relative constraint deviation after LINCS:
rms 0.038118, max 0.884557 (between atoms 1477 and 1478)
bonds that rotated more than 30 degrees:
 atom 1 atom 2  angle  previous, current, constraint length
   1482   1483   32.3    0.1000   0.1023      0.1000
   1482   1484   31.7    0.1000   0.1021      0.1000
   1475   1476   36.1    0.1080   0.1080      0.1080
   1477   1478   90.0    0.1169   0.2094      0.1111
   1477   1479   90.0    0.1420   0.1858      0.1111
Wrote pdb files with previous and current coordinates
Wrote pdb files with previous and current coordinates

Step 34, time 0.034 (ps)  LINCS WARNING
relative constraint deviation after LINCS:
rms 0.000028, max 0.000616 (between atoms 1148 and 1149)
bonds that rotated more than 30 degrees:
 atom 1 atom 2  angle  previous, current, constraint length
   1144   1145   44.0    0.0997   0.0997      0.0997
   1146   1147   53.9    0.1080   0.1080      0.1080

Step 34, time 0.034 (ps)  LINCS WARNING
relative constraint deviation after LINCS:
rms 0.003802, max 0.103905 (between atoms 1477 and 1478)
bonds that rotated more than 30 degrees:
 atom 1 atom 2  angle  previous, current, constraint length
   1477   1478   58.8    0.1169   0.1226      0.1111
   1477   1479   52.9    0.1420   0.1154      0.1111

Step 35, time 0.035 (ps)  LINCS WARNING
relative constraint deviation after LINCS:
rms 0.000005, max 0.000030 (between atoms 1151 and 1153)
bonds that rotated more than 30 degrees:
 atom 1 atom 2  angle  previous, current, constraint length
   1144   1145   74.5    0.0997   0.0997      0.0997
   1166   1167   42.5    0.0997   0.0997      0.0997

Step 36, time 0.036 (ps)  LINCS WARNING
relative constraint deviation after LINCS:
rms 0.000259, max 0.006410 (between atoms 1148 and 1149)
bonds that rotated more than 30 degrees:
 atom 1 atom 2  angle  previous, current, constraint length
   1146   1147   30.2    0.1080   0.1080      0.1080

Step 37, time 0.037 (ps)  LINCS WARNING
relative constraint deviation after LINCS:
rms 0.018087, max 0.387752 (between atoms 1144 and 1145)
bonds that rotated more than 30 degrees:
 atom 1 atom 2  angle  previous, current, constraint length
   1180   1181   44.1    0.0997   0.0997      0.0997
   1146   1147   90.0    0.1080   0.1471      0.1080
   1144   1145   90.0    0.0997   0.1384      0.0997
   1166   1167   69.2    0.0997   0.0997      0.0997

Step 38, time 0.038 (ps)  LINCS WARNING
relative constraint deviation after LINCS:
rms 0.000013, max 0.000334 (between atoms 1148 and 1150)
bonds that rotated more than 30 degrees:
 atom 1 atom 2  angle  previous, current, constraint length
   1146   1147   42.9    0.1080   0.1080      0.1080
   1144   1145   43.9    0.0997   0.0997      0.0997

Step 40, time 0.04 (ps)  LINCS WARNING
relative constraint deviation after LINCS:
rms 0.000005, max 0.000013 (between atoms 1856 and 1857)
bonds that rotated more than 30 degrees:
 atom 1 atom 2  angle  previous, current, constraint length
   1166   1167   33.8    0.0997   0.0997      0.0997

Step 42, time 0.042 (ps)  LINCS WARNING
relative constraint deviation after LINCS:
rms 0.000030, max 0.000618 (between atoms 3762 and 3764)
bonds that rotated more than 30 degrees:
 atom 1 atom 2  angle  previous, current, constraint length
   1129   1130   31.3    0.1080   0.1080      0.1080
   1146   1147   42.5    0.1080   0.1080      0.1080
   1166   1167   39.7    0.0997   0.0997      0.0997

Step 54, time 0.054 (ps)  LINCS WARNING
relative constraint deviation after LINCS:
rms 0.019552, max 0.413344 (between atoms 1482 and 1483)
bonds that rotated more than 30 degrees:
 atom 1 atom 2  angle  previous, current, constraint length
   1482   1483   90.0    0.1000   0.1413      0.1000
   1482   1484   90.0    0.1006   0.1391      0.1000

Step 56, time 0.056 (ps)  LINCS WARNING
relative constraint deviation after LINCS:
rms 0.005222, max 0.140666 (between atoms 1482 and 1483)
bonds that rotated more than 30 degrees:
 atom 1 atom 2  angle  previous, current, constraint length
   1482   1483   74.7    0.0997   0.1141      0.1000
   1482   1484   71.5    0.0998   0.0943      0.1000

Step 56, time 0.056 (ps)  LINCS WARNING
relative constraint deviation after LINCS:
rms 0.000080, max 0.001665 (between atoms 3762 and 3763)
bonds that rotated more than 30 degrees:
 atom 1 atom 2  angle  previous, current, constraint length
   1129   1130   66.3    0.1080   0.1080      0.1080
   1144   1145   53.0    0.0997   0.0997      0.0997

Step 136, time 0.136 (ps)  LINCS WARNING
relative constraint deviation after LINCS:
rms 0.000303, max 0.008481 (between atoms 3762 and 3764)
bonds that rotated more than 30 degrees:
 atom 1 atom 2  angle  previous, current, constraint length
   3762   3763   30.9    0.1001   0.1003      0.1000
   3762   3764   35.5    0.1003   0.0992      0.1000

Step 215, time 0.215 (ps)  LINCS WARNING
relative constraint deviation after LINCS:
rms 0.001202, max 0.026114 (between atoms 3762 and 3764)
bonds that rotated more than 30 degrees:
 atom 1 atom 2  angle  previous, current, constraint length
   3762   3764   31.0    0.1000   0.0974      0.1000

writing lowest energy coordinates.

Steepest Descents converged to Fmax < 1000 in 3511 steps
Potential Energy  = -1.0449384e+07
Maximum force     =  8.9856921e+02 on atom 3434
Norm of force     =  5.4229536e+00

GROMACS reminds you: "You Could Make More Money As a Butcher" (F. Zappa)

